[23:34:31,196][INFO][main][IgniteKernal] 

>>>    __________  ________________  
>>>   /  _/ ___/ |/ /  _/_  __/ __/  
>>>  _/ // (7 7    // /  / / / _/    
>>> /___/\___/_/|_/___/ /_/ /___/   
>>> 
>>> ver. 8.8.12#20211215-sha1:64ab34c8
>>> 2021 Copyright(C) GridGain Systems, Inc. and Contributors
>>> 
>>> Ignite documentation: http://gridgain.com

[23:34:31,202][INFO][main][IgniteKernal] Config URL: n/a
[23:34:31,226][INFO][main][IgniteKernal] IgniteConfiguration [igniteInstanceName=null, pubPoolSize=12, svcPoolSize=12, callbackPoolSize=12, stripedPoolSize=12, sysPoolSize=12, mgmtPoolSize=4, dataStreamerPoolSize=12, utilityCachePoolSize=12, utilityCacheKeepAliveTime=60000, p2pPoolSize=2, qryPoolSize=12, buildIdxPoolSize=3, igniteHome=D:\gridgain-community-8.8.12, igniteWorkDir=D:\Source Code\Private\Apache.GridGain\Apache.GridGain.ConsoleClient\bin\Debug\netcoreapp3.1, mbeanSrv=com.sun.jmx.mbeanserver.JmxMBeanServer@50b494a6, nodeId=dc38fdb2-e498-48c5-82eb-844c8401e278, marsh=BinaryMarshaller [], marshLocJobs=false, daemon=false, p2pEnabled=true, netTimeout=5000, netCompressionLevel=1, sndRetryDelay=1000, sndRetryCnt=3, metricsHistSize=10000, metricsUpdateFreq=2000, metricsExpTime=9223372036854775807, discoSpi=TcpDiscoverySpi [addrRslvr=null, sockTimeout=900, ackTimeout=5000, marsh=null, reconCnt=10, reconDelay=2000, maxAckTimeout=600000, soLinger=5, forceSrvMode=false, clientReconnectDisabled=false, internalLsnr=null, skipAddrsRandomization=false], segPlc=STOP, segResolveAttempts=2, waitForSegOnStart=true, allResolversPassReq=true, segChkFreq=10000, commSpi=TcpCommunicationSpi [connectGate=org.apache.ignite.spi.communication.tcp.internal.ConnectGateway@20d3d15a, ctxInitLatch=java.util.concurrent.CountDownLatch@2893de87[Count = 1], stopping=false, clientPool=null, nioSrvWrapper=null, stateProvider=null, connectionRequestor=null], evtSpi=org.apache.ignite.spi.eventstorage.NoopEventStorageSpi@55ca8de8, colSpi=NoopCollisionSpi [], deploySpi=LocalDeploymentSpi [], indexingSpi=org.apache.ignite.spi.indexing.noop.NoopIndexingSpi@14a2f921, addrRslvr=null, encryptionSpi=org.apache.ignite.spi.encryption.noop.NoopEncryptionSpi@3c87521, tracingSpi=org.apache.ignite.spi.tracing.NoopTracingSpi@2aece37d, clientMode=true, rebalanceThreadPoolSize=3, rebalanceTimeout=10000, rebalanceBatchesPrefetchCnt=2, rebalanceThrottle=0, rebalanceBatchSize=524288, txCfg=TransactionConfiguration [txSerEnabled=false, dfltIsolation=REPEATABLE_READ, dfltConcurrency=PESSIMISTIC, dfltTxTimeout=0, txTimeoutOnPartitionMapExchange=0, deadlockTimeout=10000, pessimisticTxLogSize=0, pessimisticTxLogLinger=10000, tmLookupClsName=null, txManagerFactory=null, useJtaSync=false], cacheSanityCheckEnabled=true, discoStartupDelay=60000, deployMode=SHARED, p2pMissedCacheSize=100, locHost=null, timeSrvPortBase=31100, timeSrvPortRange=100, failureDetectionTimeout=10000, sysWorkerBlockedTimeout=120000, clientFailureDetectionTimeout=30000, metricsLogFreq=60000, connectorCfg=ConnectorConfiguration [jettyPath=null, host=null, port=11211, noDelay=true, directBuf=false, sndBufSize=32768, rcvBufSize=32768, idleQryCurTimeout=600000, idleQryCurCheckFreq=60000, sndQueueLimit=0, selectorCnt=4, idleTimeout=7000, sslEnabled=false, sslClientAuth=false, sslCtxFactory=null, sslFactory=null, portRange=100, threadPoolSize=12, msgInterceptor=null], odbcCfg=null, warmupClos=null, atomicCfg=AtomicConfiguration [seqReserveSize=1000, cacheMode=PARTITIONED, backups=1, aff=null, grpName=null], classLdr=null, sslCtxFactory=null, platformCfg=PlatformDotNetConfiguration [binaryCfg=null], binaryCfg=null, memCfg=null, pstCfg=null, dsCfg=DataStorageConfiguration [sysRegionInitSize=41943040, sysRegionMaxSize=104857600, pageSize=4096, concLvl=12, dfltDataRegConf=DataRegionConfiguration [name=Default_Region, maxSize=429496729, initSize=104857600, swapPath=null, pageEvictionMode=DISABLED, pageReplacementMode=CLOCK, evictionThreshold=0.9, emptyPagesPoolSize=100, metricsEnabled=false, metricsSubIntervalCount=5, metricsRateTimeInterval=60000, persistenceEnabled=false, checkpointPageBufSize=0, lazyMemoryAllocation=true, warmUpCfg=null], dataRegions=null, storagePath=null, checkpointFreq=180000, lockWaitTime=10000, checkpointThreads=4, checkpointWriteOrder=SEQUENTIAL, walHistSize=20, maxWalArchiveSize=1073741824, walSegments=10, walSegmentSize=67108864, walPath=db/wal, walArchivePath=db/wal/archive, metricsEnabled=false, walMode=LOG_ONLY, walTlbSize=131072, walBuffSize=0, walFlushFreq=2000, walFsyncDelay=1000, walRecordIterBuffSize=67108864, alwaysWriteFullPages=false, fileIOFactory=org.apache.ignite.internal.processors.cache.persistence.file.AsyncFileIOFactory@475e586c, metricsSubIntervalCnt=5, metricsRateTimeInterval=60000, walAutoArchiveAfterInactivity=-1, writeThrottlingEnabled=false, walCompactionEnabled=false, walCompactionLevel=1, checkpointReadLockTimeout=null, walPageCompression=DISABLED, walPageCompressionLevel=null, dfltWarmUpCfg=null, encCfg=org.apache.ignite.configuration.EncryptionConfiguration@436a4e4b, defragmentationThreadPoolSize=4, minWalArchiveSize=-1], activeOnStart=null, autoActivation=null, clusterStateOnStart=null, sqlConnCfg=null, cliConnCfg=ClientConnectorConfiguration [host=null, port=10800, portRange=100, sockSndBufSize=0, sockRcvBufSize=0, tcpNoDelay=true, maxOpenCursorsPerConn=128, threadPoolSize=12, selectorCnt=6, idleTimeout=0, handshakeTimeout=10000, jdbcEnabled=true, odbcEnabled=true, thinCliEnabled=true, sslEnabled=false, useIgniteSslCtxFactory=true, sslClientAuth=false, sslCtxFactory=null, thinCliCfg=ThinClientConfiguration [maxActiveTxPerConn=100, maxActiveComputeTasksPerConn=0]], mvccVacuumThreadCnt=2, mvccVacuumFreq=5000, authEnabled=false, failureHnd=null, commFailureRslvr=null, sqlCfg=SqlConfiguration [longQryWarnTimeout=1000, sqlQryHistSize=1000, sqlGlobalMemoryQuota=60%, sqlQueryMemoryQuota=0, sqlOffloadingEnabled=false, dfltQryTimeout=0], asyncContinuationExecutor=null]
[23:34:31,234][INFO][main][IgniteKernal] Daemon mode: off
[23:34:31,234][INFO][main][IgniteKernal] OS: Windows 10 10.0 amd64
[23:34:31,234][INFO][main][IgniteKernal] OS user: subasish
[23:34:31,244][INFO][main][IgniteKernal] PID: 38208
[23:34:31,245][INFO][main][IgniteKernal] Language runtime: Java Platform API Specification ver. 1.8
[23:34:31,245][INFO][main][IgniteKernal] VM information: Java(TM) SE Runtime Environment 1.8.0_311-b11 Oracle Corporation Java HotSpot(TM) 64-Bit Server VM 25.311-b11
[23:34:31,246][INFO][main][IgniteKernal] VM total memory: 0.96GB
[23:34:31,246][INFO][main][IgniteKernal] Remote Management [restart: off, REST: off, JMX (remote: off)]
[23:34:31,246][INFO][main][IgniteKernal] Logger: JavaLogger [quiet=false, config=null]
[23:34:31,247][INFO][main][IgniteKernal] System cache's DataRegion size is configured to 40 MB. Use DataStorageConfiguration.systemRegionInitialSize property to change the setting.
[23:34:31,247][INFO][main][IgniteKernal] Configured caches [in 'sysMemPlc' dataRegion: ['ignite-sys-cache']]
[23:34:31,248][WARNING][main][IgniteKernal] Peer class loading is enabled (disable it in production for performance and deployment consistency reasons)
[23:34:31,249][WARNING][main][IgniteKernal] Please set system property '-Djava.net.preferIPv4Stack=true' to avoid possible problems in mixed environments.
[23:34:31,249][INFO][main][IgniteKernal] 3-rd party licenses can be found at: D:\gridgain-community-8.8.12\libs\licenses
[23:34:31,318][INFO][main][IgnitePluginProcessor] Configured plugins:
[23:34:31,319][INFO][main][IgnitePluginProcessor]   ^-- None
[23:34:31,320][INFO][main][IgnitePluginProcessor] 
[23:34:31,323][INFO][main][FailureProcessor] Configured failure handler: [hnd=StopNodeOrHaltFailureHandler [tryStop=false, timeout=0, super=AbstractFailureHandler [ignoredFailureTypes=UnmodifiableSet [SYSTEM_WORKER_BLOCKED, SYSTEM_CRITICAL_OPERATION_TIMEOUT]]]]
[23:34:31,562][INFO][main][TcpCommunicationSpi] Successfully bound communication NIO server to TCP port [port=47100, locHost=0.0.0.0/0.0.0.0, selectorsCnt=6, selectorSpins=0, pairedConn=false]
[23:34:31,562][WARNING][main][TcpCommunicationSpi] Message queue limit is set to 0 which may lead to potential OOMEs when running cache operations in FULL_ASYNC or PRIMARY_SYNC modes due to message queues growth on sender and receiver sides.
[23:34:31,807][INFO][main][GridCollisionManager] Collision resolution is disabled (all jobs will be activated upon arrival).
[23:34:31,808][INFO][main][IgniteKernal] Security status [authentication=off, tls/ssl=off]
[23:34:31,978][INFO][main][PdsFoldersResolver] Consistent ID used for local node is [dc38fdb2-e498-48c5-82eb-844c8401e278] according to persistence data storage folders
[23:34:32,007][INFO][main][IgniteCacheDatabaseSharedManager] Configured data regions initialized successfully [total=4]
[23:34:32,066][WARNING][main][IgniteH2Indexing] Serialization of Java objects in H2 was enabled.
[23:34:32,215][INFO][main][QueryMemoryManager] SQL query global quota was set to 617506406. Current memory tracking parameters: [qryQuota=0, globalQuota=617506406, offloadingEnabled=false]
[23:34:32,216][INFO][main][QueryMemoryManager] SQL query memory quota was set to 0. Current memory tracking parameters: [qryQuota=0, globalQuota=617506406, offloadingEnabled=false]
[23:34:32,243][INFO][main][ClientListenerProcessor] Client connector processor has started on TCP port 10800
[23:34:32,261][INFO][main][GridRestProcessor] REST protocols do not start on client node. To start the protocols on client node set '-DIGNITE_REST_START_ON_CLIENT=true' system property.
[23:34:32,285][WARNING][main][PlatformProcessorImpl] Marshaller is automatically set to o.a.i.i.binary.BinaryMarshaller (other nodes must have the same marshaller type).
[23:34:32,686][INFO][main][IgniteKernal] Non-loopback local IPs: 10.16.15.141, 172.19.16.1, 192.168.29.59, 2405:201:a006:3d:1c2b:5b8a:d097:442a, 2405:201:a006:3d:710e:da16:3454:5b7f, fe80:0:0:0:4152:67e4:e61e:d169%eth9, fe80:0:0:0:48cf:2150:57cb:3119%eth4, fe80:0:0:0:710e:da16:3454:5b7f%wlan1, fe80:0:0:0:7d9f:5000:8d2a:a45a%wlan0, fe80:0:0:0:91:2ff7:c3ec:50ce%eth5, fe80:0:0:0:a43b:6a2b:7f71:c5ad%wlan2, fe80:0:0:0:b89f:5b9f:59df:56ea%eth4
[23:34:32,686][INFO][main][IgniteKernal] Enabled local MACs: 00059A3C7A00, 00155DA0E131, 4851C534A48B, 4851C534A48C, 4851C534A48F, 4A51C534A48B
[23:34:32,691][INFO][main][ClusterProcessor] Cluster ID and tag has been read from metastorage: null
[23:34:32,697][INFO][main][IgniteClusterImpl] Shutdown policy was updated [oldVal=null, newVal=null]
[23:34:32,700][INFO][main][IgniteStatisticsManagerImpl] Statistics usage state was changed from null to null
