[13:50:25,646][INFO][main][IgniteKernal] 

>>>    __________  ________________  
>>>   /  _/ ___/ |/ /  _/_  __/ __/  
>>>  _/ // (7 7    // /  / / / _/    
>>> /___/\___/_/|_/___/ /_/ /___/   
>>> 
>>> ver. 8.8.11#20211125-sha1:f3544042
>>> 2021 Copyright(C) GridGain Systems, Inc. and Contributors
>>> 
>>> Ignite documentation: http://gridgain.com

[13:50:25,660][INFO][main][IgniteKernal] Config URL: n/a
[13:50:25,684][INFO][main][IgniteKernal] IgniteConfiguration [igniteInstanceName=null, pubPoolSize=12, svcPoolSize=12, callbackPoolSize=12, stripedPoolSize=12, sysPoolSize=12, mgmtPoolSize=4, dataStreamerPoolSize=12, utilityCachePoolSize=12, utilityCacheKeepAliveTime=60000, p2pPoolSize=2, qryPoolSize=12, buildIdxPoolSize=3, igniteHome=D:\gridgain-community-8.8.11, igniteWorkDir=D:\Source Code\Private\Apache.GridGain\Apache.GridGain.ConsoleClient\bin\Debug\netcoreapp3.1, mbeanSrv=com.sun.jmx.mbeanserver.JmxMBeanServer@e874448, nodeId=997304c5-cb9b-46af-b453-74214cf755ed, marsh=BinaryMarshaller [], marshLocJobs=false, daemon=false, p2pEnabled=false, netTimeout=5000, netCompressionLevel=1, sndRetryDelay=1000, sndRetryCnt=3, metricsHistSize=10000, metricsUpdateFreq=2000, metricsExpTime=9223372036854775807, discoSpi=TcpDiscoverySpi [addrRslvr=null, sockTimeout=900, ackTimeout=5000, marsh=null, reconCnt=10, reconDelay=2000, maxAckTimeout=600000, soLinger=5, forceSrvMode=false, clientReconnectDisabled=false, internalLsnr=null, skipAddrsRandomization=false], segPlc=STOP, segResolveAttempts=2, waitForSegOnStart=true, allResolversPassReq=true, segChkFreq=10000, commSpi=TcpCommunicationSpi [connectGate=org.apache.ignite.spi.communication.tcp.internal.ConnectGateway@25a65b77, ctxInitLatch=java.util.concurrent.CountDownLatch@2ed0fbae[Count = 1], stopping=false, clientPool=null, nioSrvWrapper=null, stateProvider=null, connectionRequestor=null], evtSpi=org.apache.ignite.spi.eventstorage.NoopEventStorageSpi@212bf671, colSpi=NoopCollisionSpi [], deploySpi=LocalDeploymentSpi [], indexingSpi=org.apache.ignite.spi.indexing.noop.NoopIndexingSpi@5af97850, addrRslvr=null, encryptionSpi=org.apache.ignite.spi.encryption.noop.NoopEncryptionSpi@5ef60048, tracingSpi=org.apache.ignite.spi.tracing.NoopTracingSpi@1d548a08, clientMode=true, rebalanceThreadPoolSize=3, rebalanceTimeout=10000, rebalanceBatchesPrefetchCnt=2, rebalanceThrottle=0, rebalanceBatchSize=524288, txCfg=TransactionConfiguration [txSerEnabled=false, dfltIsolation=REPEATABLE_READ, dfltConcurrency=PESSIMISTIC, dfltTxTimeout=0, txTimeoutOnPartitionMapExchange=0, deadlockTimeout=10000, pessimisticTxLogSize=0, pessimisticTxLogLinger=10000, tmLookupClsName=null, txManagerFactory=null, useJtaSync=false], cacheSanityCheckEnabled=true, discoStartupDelay=60000, deployMode=SHARED, p2pMissedCacheSize=100, locHost=null, timeSrvPortBase=31100, timeSrvPortRange=100, failureDetectionTimeout=10000, sysWorkerBlockedTimeout=120000, clientFailureDetectionTimeout=30000, metricsLogFreq=60000, connectorCfg=ConnectorConfiguration [jettyPath=null, host=null, port=11211, noDelay=true, directBuf=false, sndBufSize=32768, rcvBufSize=32768, idleQryCurTimeout=600000, idleQryCurCheckFreq=60000, sndQueueLimit=0, selectorCnt=4, idleTimeout=7000, sslEnabled=false, sslClientAuth=false, sslCtxFactory=null, sslFactory=null, portRange=100, threadPoolSize=12, msgInterceptor=null], odbcCfg=null, warmupClos=null, atomicCfg=AtomicConfiguration [seqReserveSize=1000, cacheMode=PARTITIONED, backups=1, aff=null, grpName=null], classLdr=null, sslCtxFactory=null, platformCfg=PlatformDotNetConfiguration [binaryCfg=null], binaryCfg=null, memCfg=null, pstCfg=null, dsCfg=null, activeOnStart=null, autoActivation=null, clusterStateOnStart=null, sqlConnCfg=null, cliConnCfg=ClientConnectorConfiguration [host=null, port=10800, portRange=100, sockSndBufSize=0, sockRcvBufSize=0, tcpNoDelay=true, maxOpenCursorsPerConn=128, threadPoolSize=12, selectorCnt=6, idleTimeout=0, handshakeTimeout=10000, jdbcEnabled=true, odbcEnabled=true, thinCliEnabled=true, sslEnabled=false, useIgniteSslCtxFactory=true, sslClientAuth=false, sslCtxFactory=null, thinCliCfg=ThinClientConfiguration [maxActiveTxPerConn=100, maxActiveComputeTasksPerConn=0]], mvccVacuumThreadCnt=2, mvccVacuumFreq=5000, authEnabled=false, failureHnd=null, commFailureRslvr=null, sqlCfg=SqlConfiguration [longQryWarnTimeout=1000, sqlQryHistSize=1000, sqlGlobalMemoryQuota=60%, sqlQueryMemoryQuota=0, sqlOffloadingEnabled=false, dfltQryTimeout=0], asyncContinuationExecutor=null]
[13:50:25,696][INFO][main][IgniteKernal] Daemon mode: off
[13:50:25,696][INFO][main][IgniteKernal] OS: Windows 10 10.0 amd64
[13:50:25,697][INFO][main][IgniteKernal] OS user: subasish
[13:50:25,707][INFO][main][IgniteKernal] PID: 44172
[13:50:25,708][INFO][main][IgniteKernal] Language runtime: Java Platform API Specification ver. 1.8
[13:50:25,708][INFO][main][IgniteKernal] VM information: Java(TM) SE Runtime Environment 1.8.0_311-b11 Oracle Corporation Java HotSpot(TM) 64-Bit Server VM 25.311-b11
[13:50:25,710][INFO][main][IgniteKernal] VM total memory: 0.96GB
[13:50:25,710][INFO][main][IgniteKernal] Remote Management [restart: off, REST: off, JMX (remote: off)]
[13:50:25,711][INFO][main][IgniteKernal] Logger: JavaLogger [quiet=false, config=null]
[13:50:25,711][INFO][main][IgniteKernal] Configured caches [in 'sysMemPlc' dataRegion: ['ignite-sys-cache']]
[13:50:25,712][WARNING][main][IgniteKernal] Please set system property '-Djava.net.preferIPv4Stack=true' to avoid possible problems in mixed environments.
[13:50:25,712][INFO][main][IgniteKernal] 3-rd party licenses can be found at: D:\gridgain-community-8.8.11\libs\licenses
[13:50:25,803][INFO][main][IgnitePluginProcessor] Configured plugins:
[13:50:25,803][INFO][main][IgnitePluginProcessor]   ^-- None
[13:50:25,804][INFO][main][IgnitePluginProcessor] 
[13:50:25,808][INFO][main][FailureProcessor] Configured failure handler: [hnd=StopNodeOrHaltFailureHandler [tryStop=false, timeout=0, super=AbstractFailureHandler [ignoredFailureTypes=UnmodifiableSet [SYSTEM_WORKER_BLOCKED, SYSTEM_CRITICAL_OPERATION_TIMEOUT]]]]
[13:50:26,102][INFO][main][TcpCommunicationSpi] Successfully bound communication NIO server to TCP port [port=47101, locHost=0.0.0.0/0.0.0.0, selectorsCnt=6, selectorSpins=0, pairedConn=false]
[13:50:26,103][WARNING][main][TcpCommunicationSpi] Message queue limit is set to 0 which may lead to potential OOMEs when running cache operations in FULL_ASYNC or PRIMARY_SYNC modes due to message queues growth on sender and receiver sides.
[13:50:28,031][INFO][main][GridCollisionManager] Collision resolution is disabled (all jobs will be activated upon arrival).
[13:50:28,033][INFO][main][IgniteKernal] Security status [authentication=off, tls/ssl=off]
[13:50:28,249][INFO][main][PdsFoldersResolver] Consistent ID used for local node is [997304c5-cb9b-46af-b453-74214cf755ed] according to persistence data storage folders
[13:50:28,341][WARNING][main][IgniteH2Indexing] Serialization of Java objects in H2 was enabled.
[13:50:28,516][INFO][main][QueryMemoryManager] SQL query global quota was set to 617506406. Current memory tracking parameters: [qryQuota=0, globalQuota=617506406, offloadingEnabled=false]
[13:50:28,517][INFO][main][QueryMemoryManager] SQL query memory quota was set to 0. Current memory tracking parameters: [qryQuota=0, globalQuota=617506406, offloadingEnabled=false]
[13:50:28,554][INFO][main][ClientListenerProcessor] Client connector processor has started on TCP port 10801
[13:50:28,571][INFO][main][GridRestProcessor] REST protocols do not start on client node. To start the protocols on client node set '-DIGNITE_REST_START_ON_CLIENT=true' system property.
[13:50:28,601][WARNING][main][PlatformProcessorImpl] Marshaller is automatically set to o.a.i.i.binary.BinaryMarshaller (other nodes must have the same marshaller type).
[13:50:28,975][INFO][main][IgniteKernal] Non-loopback local IPs: 172.20.10.2, 172.29.32.1, 2401:4900:313c:4df8:4503:1e9e:364d:514a, 2401:4900:313c:4df8:91:2ff7:c3ec:50ce, 2405:201:a006:3d:1975:3a4a:5dc3:9bf7, 2405:201:a006:3d:710e:da16:3454:5b7f, fe80:0:0:0:682c:faf0:1a9a:d073%eth17, fe80:0:0:0:710e:da16:3454:5b7f%wlan2, fe80:0:0:0:7d9f:5000:8d2a:a45a%wlan0, fe80:0:0:0:91:2ff7:c3ec:50ce%eth4, fe80:0:0:0:a43b:6a2b:7f71:c5ad%wlan3
[13:50:28,978][INFO][main][IgniteKernal] Enabled local MACs: 00155DD7FFEB, 4851C534A48B, 4851C534A48C, 4851C534A48F, 4A51C534A48B
[13:50:28,983][INFO][main][ClusterProcessor] Cluster ID and tag has been read from metastorage: null
[13:50:28,990][INFO][main][IgniteClusterImpl] Shutdown policy was updated [oldVal=null, newVal=null]
[13:50:28,993][INFO][main][IgniteStatisticsManagerImpl] Statistics usage state was changed from null to null
[13:50:29,092][SEVERE][main][IgniteKernal] Failed to start manager: GridManagerAdapter [enabled=true, name=o.a.i.i.managers.discovery.GridDiscoveryManager]
class org.apache.ignite.IgniteCheckedException: Failed to start SPI: TcpDiscoverySpi [addrRslvr=null, sockTimeout=900, ackTimeout=5000, marsh=JdkMarshaller [clsFilter=org.apache.ignite.marshaller.MarshallerUtils$1@2cd2c8fe], reconCnt=10, reconDelay=2000, maxAckTimeout=600000, soLinger=5, forceSrvMode=false, clientReconnectDisabled=false, internalLsnr=null, skipAddrsRandomization=false]
	at org.apache.ignite.internal.managers.GridManagerAdapter.startSpi(GridManagerAdapter.java:280)
	at org.apache.ignite.internal.managers.discovery.GridDiscoveryManager.start(GridDiscoveryManager.java:985)
	at org.apache.ignite.internal.IgniteKernal.startManager(IgniteKernal.java:1919)
	at org.apache.ignite.internal.IgniteKernal.start(IgniteKernal.java:1235)
	at org.apache.ignite.internal.IgnitionEx$IgniteNamedInstance.start0(IgnitionEx.java:1784)
	at org.apache.ignite.internal.IgnitionEx$IgniteNamedInstance.start(IgnitionEx.java:1706)
	at org.apache.ignite.internal.IgnitionEx.start0(IgnitionEx.java:1143)
	at org.apache.ignite.internal.IgnitionEx.start(IgnitionEx.java:634)
	at org.apache.ignite.internal.processors.platform.PlatformAbstractBootstrap.start(PlatformAbstractBootstrap.java:45)
	at org.apache.ignite.internal.processors.platform.PlatformIgnition.start(PlatformIgnition.java:73)
Caused by: class org.apache.ignite.spi.IgniteSpiException: Local node's binary configuration is not equal to remote node's binary configuration [locNodeId=997304c5-cb9b-46af-b453-74214cf755ed, rmtNodeId=7d2ed050-f4bd-4ac0-8ade-5e4cd1e6be33, locBinaryCfg=null, rmtBinaryCfg={globIdMapper=org.apache.ignite.binary.BinaryBasicIdMapper, compactFooter=true, globSerializer=null}]
	at org.apache.ignite.spi.discovery.tcp.TcpDiscoverySpi.checkFailedError(TcpDiscoverySpi.java:2069)
	at org.apache.ignite.spi.discovery.tcp.ClientImpl$MessageWorker.body(ClientImpl.java:1992)
	at org.apache.ignite.internal.util.worker.GridWorker.run(GridWorker.java:119)
	at org.apache.ignite.spi.discovery.tcp.ClientImpl$1.body(ClientImpl.java:315)
	at org.apache.ignite.spi.IgniteSpiThread.run(IgniteSpiThread.java:57)
[13:50:29,105][SEVERE][main][IgniteKernal] Got exception while starting (will rollback startup routine).
class org.apache.ignite.IgniteCheckedException: Failed to start manager: GridManagerAdapter [enabled=true, name=org.apache.ignite.internal.managers.discovery.GridDiscoveryManager]
	at org.apache.ignite.internal.IgniteKernal.startManager(IgniteKernal.java:1924)
	at org.apache.ignite.internal.IgniteKernal.start(IgniteKernal.java:1235)
	at org.apache.ignite.internal.IgnitionEx$IgniteNamedInstance.start0(IgnitionEx.java:1784)
	at org.apache.ignite.internal.IgnitionEx$IgniteNamedInstance.start(IgnitionEx.java:1706)
	at org.apache.ignite.internal.IgnitionEx.start0(IgnitionEx.java:1143)
	at org.apache.ignite.internal.IgnitionEx.start(IgnitionEx.java:634)
	at org.apache.ignite.internal.processors.platform.PlatformAbstractBootstrap.start(PlatformAbstractBootstrap.java:45)
	at org.apache.ignite.internal.processors.platform.PlatformIgnition.start(PlatformIgnition.java:73)
Caused by: class org.apache.ignite.IgniteCheckedException: Failed to start SPI: TcpDiscoverySpi [addrRslvr=null, sockTimeout=900, ackTimeout=5000, marsh=JdkMarshaller [clsFilter=org.apache.ignite.marshaller.MarshallerUtils$1@2cd2c8fe], reconCnt=10, reconDelay=2000, maxAckTimeout=600000, soLinger=5, forceSrvMode=false, clientReconnectDisabled=false, internalLsnr=null, skipAddrsRandomization=false]
	at org.apache.ignite.internal.managers.GridManagerAdapter.startSpi(GridManagerAdapter.java:280)
	at org.apache.ignite.internal.managers.discovery.GridDiscoveryManager.start(GridDiscoveryManager.java:985)
	at org.apache.ignite.internal.IgniteKernal.startManager(IgniteKernal.java:1919)
	... 7 more
Caused by: class org.apache.ignite.spi.IgniteSpiException: Local node's binary configuration is not equal to remote node's binary configuration [locNodeId=997304c5-cb9b-46af-b453-74214cf755ed, rmtNodeId=7d2ed050-f4bd-4ac0-8ade-5e4cd1e6be33, locBinaryCfg=null, rmtBinaryCfg={globIdMapper=org.apache.ignite.binary.BinaryBasicIdMapper, compactFooter=true, globSerializer=null}]
	at org.apache.ignite.spi.discovery.tcp.TcpDiscoverySpi.checkFailedError(TcpDiscoverySpi.java:2069)
	at org.apache.ignite.spi.discovery.tcp.ClientImpl$MessageWorker.body(ClientImpl.java:1992)
	at org.apache.ignite.internal.util.worker.GridWorker.run(GridWorker.java:119)
	at org.apache.ignite.spi.discovery.tcp.ClientImpl$1.body(ClientImpl.java:315)
	at org.apache.ignite.spi.IgniteSpiThread.run(IgniteSpiThread.java:57)
[13:50:29,145][INFO][main][IgniteKernal] 

>>> +----------------------------------------------------------------------------------+
>>> Ignite ver. 8.8.11#20211125-sha1:f35440427ccb0fe4d440a1fa0a9b5c769ef2dfc8 stopped OK
>>> +----------------------------------------------------------------------------------+
>>> Grid uptime: 00:00:04.106


